<?xml version="1.0" encoding="UTF-8"?>
<testng-results ignored="0" total="0" passed="0" failed="0" skipped="0">
  <reporter-output>
  </reporter-output>
  <suite started-at="2020-09-07T10:29:21Z" name="com.report.Test" finished-at="2020-09-07T10:29:21Z" duration-ms="40">
    <groups>
    </groups>
    <test started-at="2020-09-07T10:29:21Z" name="Command line test" finished-at="2020-09-07T10:29:21Z" duration-ms="40">
    </test> <!-- Command line test -->
  </suite> <!-- com.report.Test -->
</testng-results>
